2025-05-30 00:01:36.706 [http-nio-8080-exec-4] DEBUG c.e.h.mapper.CustomerMapper.findAll - ==>  Preparing: SELECT c.*, (SELECT COUNT(*) FROM booking b WHERE b.customer_id = c.id) AS visits, (SELECT SUM(total_price) FROM booking b WHERE b.customer_id = c.id AND (b.payment_status = 'paid' OR b.payment_status = '已付款')) AS spent FROM customer c
2025-05-30 00:01:36.707 [http-nio-8080-exec-5] DEBUG c.e.h.mapper.CustomerMapper.findAll - ==>  Preparing: SELECT c.*, (SELECT COUNT(*) FROM booking b WHERE b.customer_id = c.id) AS visits, (SELECT SUM(total_price) FROM booking b WHERE b.customer_id = c.id AND (b.payment_status = 'paid' OR b.payment_status = '已付款')) AS spent FROM customer c
2025-05-30 00:01:36.725 [http-nio-8080-exec-4] DEBUG c.e.h.mapper.CustomerMapper.findAll - ==> Parameters: 
2025-05-30 00:01:36.725 [http-nio-8080-exec-5] DEBUG c.e.h.mapper.CustomerMapper.findAll - ==> Parameters: 
2025-05-30 00:01:36.728 [http-nio-8080-exec-5] DEBUG c.e.h.mapper.CustomerMapper.findAll - <==      Total: 9
2025-05-30 00:01:36.728 [http-nio-8080-exec-4] DEBUG c.e.h.mapper.CustomerMapper.findAll - <==      Total: 9
2025-05-30 00:01:36.728 [http-nio-8080-exec-4] DEBUG c.e.h.mapper.CustomerMapper.findAll - ==>  Preparing: SELECT c.*, (SELECT COUNT(*) FROM booking b WHERE b.customer_id = c.id) AS visits, (SELECT SUM(total_price) FROM booking b WHERE b.customer_id = c.id AND (b.payment_status = 'paid' OR b.payment_status = '已付款')) AS spent FROM customer c
2025-05-30 00:01:36.728 [http-nio-8080-exec-4] DEBUG c.e.h.mapper.CustomerMapper.findAll - ==> Parameters: 
2025-05-30 00:01:36.729 [http-nio-8080-exec-4] DEBUG c.e.h.mapper.CustomerMapper.findAll - <==      Total: 9
2025-05-30 00:01:36.731 [http-nio-8080-exec-4] DEBUG c.e.h.mapper.CustomerMapper.findAll - ==>  Preparing: SELECT c.*, (SELECT COUNT(*) FROM booking b WHERE b.customer_id = c.id) AS visits, (SELECT SUM(total_price) FROM booking b WHERE b.customer_id = c.id AND (b.payment_status = 'paid' OR b.payment_status = '已付款')) AS spent FROM customer c
2025-05-30 00:01:36.732 [http-nio-8080-exec-4] DEBUG c.e.h.mapper.CustomerMapper.findAll - ==> Parameters: 
2025-05-30 00:01:36.736 [http-nio-8080-exec-4] DEBUG c.e.h.mapper.CustomerMapper.findAll - <==      Total: 9
2025-05-30 00:01:36.737 [http-nio-8080-exec-4] DEBUG c.e.h.mapper.CustomerMapper.findAll - ==>  Preparing: SELECT c.*, (SELECT COUNT(*) FROM booking b WHERE b.customer_id = c.id) AS visits, (SELECT SUM(total_price) FROM booking b WHERE b.customer_id = c.id AND (b.payment_status = 'paid' OR b.payment_status = '已付款')) AS spent FROM customer c
2025-05-30 00:01:36.737 [http-nio-8080-exec-4] DEBUG c.e.h.mapper.CustomerMapper.findAll - ==> Parameters: 
2025-05-30 00:01:36.740 [http-nio-8080-exec-4] DEBUG c.e.h.mapper.CustomerMapper.findAll - <==      Total: 9
2025-05-30 00:01:36.741 [http-nio-8080-exec-4] DEBUG c.e.h.mapper.CustomerMapper.findAll - ==>  Preparing: SELECT c.*, (SELECT COUNT(*) FROM booking b WHERE b.customer_id = c.id) AS visits, (SELECT SUM(total_price) FROM booking b WHERE b.customer_id = c.id AND (b.payment_status = 'paid' OR b.payment_status = '已付款')) AS spent FROM customer c
2025-05-30 00:01:36.741 [http-nio-8080-exec-4] DEBUG c.e.h.mapper.CustomerMapper.findAll - ==> Parameters: 
2025-05-30 00:01:36.742 [http-nio-8080-exec-4] DEBUG c.e.h.mapper.CustomerMapper.findAll - <==      Total: 9
2025-05-30 00:01:36.752 [http-nio-8080-exec-6] DEBUG c.e.h.mapper.CustomerMapper.findAll - ==>  Preparing: SELECT c.*, (SELECT COUNT(*) FROM booking b WHERE b.customer_id = c.id) AS visits, (SELECT SUM(total_price) FROM booking b WHERE b.customer_id = c.id AND (b.payment_status = 'paid' OR b.payment_status = '已付款')) AS spent FROM customer c
2025-05-30 00:01:36.753 [http-nio-8080-exec-6] DEBUG c.e.h.mapper.CustomerMapper.findAll - ==> Parameters: 
2025-05-30 00:01:36.755 [http-nio-8080-exec-6] DEBUG c.e.h.mapper.CustomerMapper.findAll - <==      Total: 9
2025-05-30 00:01:36.756 [http-nio-8080-exec-6] DEBUG c.e.h.mapper.CustomerMapper.findAll - ==>  Preparing: SELECT c.*, (SELECT COUNT(*) FROM booking b WHERE b.customer_id = c.id) AS visits, (SELECT SUM(total_price) FROM booking b WHERE b.customer_id = c.id AND (b.payment_status = 'paid' OR b.payment_status = '已付款')) AS spent FROM customer c
2025-05-30 00:01:36.758 [http-nio-8080-exec-6] DEBUG c.e.h.mapper.CustomerMapper.findAll - ==> Parameters: 
2025-05-30 00:01:36.760 [http-nio-8080-exec-6] DEBUG c.e.h.mapper.CustomerMapper.findAll - <==      Total: 9
2025-05-30 00:01:36.762 [http-nio-8080-exec-6] DEBUG c.e.h.mapper.CustomerMapper.findAll - ==>  Preparing: SELECT c.*, (SELECT COUNT(*) FROM booking b WHERE b.customer_id = c.id) AS visits, (SELECT SUM(total_price) FROM booking b WHERE b.customer_id = c.id AND (b.payment_status = 'paid' OR b.payment_status = '已付款')) AS spent FROM customer c
2025-05-30 00:01:36.762 [http-nio-8080-exec-6] DEBUG c.e.h.mapper.CustomerMapper.findAll - ==> Parameters: 
2025-05-30 00:01:36.765 [http-nio-8080-exec-6] DEBUG c.e.h.mapper.CustomerMapper.findAll - <==      Total: 9
2025-05-30 00:01:36.765 [http-nio-8080-exec-6] DEBUG c.e.h.mapper.CustomerMapper.findAll - ==>  Preparing: SELECT c.*, (SELECT COUNT(*) FROM booking b WHERE b.customer_id = c.id) AS visits, (SELECT SUM(total_price) FROM booking b WHERE b.customer_id = c.id AND (b.payment_status = 'paid' OR b.payment_status = '已付款')) AS spent FROM customer c
2025-05-30 00:01:36.766 [http-nio-8080-exec-6] DEBUG c.e.h.mapper.CustomerMapper.findAll - ==> Parameters: 
2025-05-30 00:01:36.769 [http-nio-8080-exec-6] DEBUG c.e.h.mapper.CustomerMapper.findAll - <==      Total: 9
2025-05-30 00:01:36.769 [http-nio-8080-exec-6] DEBUG c.e.h.mapper.CustomerMapper.findAll - ==>  Preparing: SELECT c.*, (SELECT COUNT(*) FROM booking b WHERE b.customer_id = c.id) AS visits, (SELECT SUM(total_price) FROM booking b WHERE b.customer_id = c.id AND (b.payment_status = 'paid' OR b.payment_status = '已付款')) AS spent FROM customer c
2025-05-30 00:01:36.771 [http-nio-8080-exec-6] DEBUG c.e.h.mapper.CustomerMapper.findAll - ==> Parameters: 
2025-05-30 00:01:36.772 [http-nio-8080-exec-6] DEBUG c.e.h.mapper.CustomerMapper.findAll - <==      Total: 9
2025-05-30 00:26:23.722 [SpringApplicationShutdownHook] INFO  o.s.o.j.LocalContainerEntityManagerFactoryBean - Closing JPA EntityManagerFactory for persistence unit 'default'
2025-05-30 00:26:23.744 [SpringApplicationShutdownHook] INFO  com.zaxxer.hikari.HikariDataSource - HikariPool-1 - Shutdown initiated...
2025-05-30 00:26:23.752 [SpringApplicationShutdownHook] INFO  com.zaxxer.hikari.HikariDataSource - HikariPool-1 - Shutdown completed.
2025-05-30 00:26:51.243 [main] INFO  c.e.h.HotelManagementApplication - Starting HotelManagementApplication using Java 1.8.0_331 on LAPTOP-6LBVHJ60 with PID 18092 (D:\LearnProject\HotelManagement\target\classes started by 815101909 in D:\LearnProject\HotelManagement)
2025-05-30 00:26:51.246 [main] DEBUG c.e.h.HotelManagementApplication - Running with Spring Boot v2.7.18, Spring v5.3.31
2025-05-30 00:26:51.247 [main] INFO  c.e.h.HotelManagementApplication - No active profile set, falling back to 1 default profile: "default"
2025-05-30 00:26:51.916 [main] INFO  o.s.d.r.c.RepositoryConfigurationDelegate - Bootstrapping Spring Data JPA repositories in DEFAULT mode.
2025-05-30 00:26:51.950 [main] INFO  o.s.d.r.c.RepositoryConfigurationDelegate - Finished Spring Data repository scanning in 15 ms. Found 0 JPA repository interfaces.
2025-05-30 00:26:52.465 [main] INFO  o.s.b.w.e.tomcat.TomcatWebServer - Tomcat initialized with port(s): 8080 (http)
2025-05-30 00:26:52.466 [main] INFO  o.a.c.core.AprLifecycleListener - An older version [1.2.35] of the Apache Tomcat Native library is installed, while Tomcat recommends a minimum version of [1.2.38]
2025-05-30 00:26:52.466 [main] INFO  o.a.c.core.AprLifecycleListener - Loaded Apache Tomcat Native library [1.2.35] using APR version [1.7.0].
2025-05-30 00:26:52.466 [main] INFO  o.a.c.core.AprLifecycleListener - APR capabilities: IPv6 [true], sendfile [true], accept filters [false], random [true], UDS [true].
2025-05-30 00:26:52.466 [main] INFO  o.a.c.core.AprLifecycleListener - APR/OpenSSL configuration: useAprConnector [false], useOpenSSL [true]
2025-05-30 00:26:52.494 [main] INFO  o.a.c.core.AprLifecycleListener - OpenSSL successfully initialized [OpenSSL 1.1.1q  5 Jul 2022]
2025-05-30 00:26:52.501 [main] INFO  o.a.coyote.http11.Http11NioProtocol - Initializing ProtocolHandler ["http-nio-8080"]
2025-05-30 00:26:52.503 [main] INFO  o.a.catalina.core.StandardService - Starting service [Tomcat]
2025-05-30 00:26:52.503 [main] INFO  o.a.catalina.core.StandardEngine - Starting Servlet engine: [Apache Tomcat/9.0.83]
2025-05-30 00:26:52.823 [main] INFO  o.a.c.c.C.[Tomcat].[localhost].[/] - Initializing Spring embedded WebApplicationContext
2025-05-30 00:26:52.823 [main] INFO  o.s.b.w.s.c.ServletWebServerApplicationContext - Root WebApplicationContext: initialization completed in 1530 ms
2025-05-30 00:26:52.918 [main] INFO  com.zaxxer.hikari.HikariDataSource - HikariPool-1 - Starting...
2025-05-30 00:27:02.163 [main] INFO  com.zaxxer.hikari.HikariDataSource - HikariPool-1 - Start completed.
2025-05-30 00:27:02.249 [main] INFO  o.h.jpa.internal.util.LogHelper - HHH000204: Processing PersistenceUnitInfo [name: default]
2025-05-30 00:27:02.311 [main] INFO  org.hibernate.Version - HHH000412: Hibernate ORM core version 5.6.15.Final
2025-05-30 00:27:02.474 [main] INFO  o.h.annotations.common.Version - HCANN000001: Hibernate Commons Annotations {5.1.2.Final}
2025-05-30 00:27:02.571 [main] INFO  org.hibernate.dialect.Dialect - HHH000400: Using dialect: org.hibernate.dialect.MySQL8Dialect
2025-05-30 00:27:02.726 [main] INFO  o.h.e.t.j.p.i.JtaPlatformInitiator - HHH000490: Using JtaPlatform implementation: [org.hibernate.engine.transaction.jta.platform.internal.NoJtaPlatform]
2025-05-30 00:27:02.738 [main] INFO  o.s.o.j.LocalContainerEntityManagerFactoryBean - Initialized JPA EntityManagerFactory for persistence unit 'default'
2025-05-30 00:27:02.958 [main] INFO  c.e.h.s.impl.BookingServiceImpl - 初始化订单表结构...
2025-05-30 00:27:02.985 [main] DEBUG c.e.h.s.impl.BookingServiceImpl - payment_status字段已存在
2025-05-30 00:27:02.987 [main] DEBUG c.e.h.s.impl.BookingServiceImpl - synced_to_finance字段已存在
2025-05-30 00:27:02.991 [main] INFO  c.e.h.s.impl.BookingServiceImpl - 更新自动删除income记录的触发器
2025-05-30 00:27:03.015 [main] INFO  c.e.h.s.impl.BookingServiceImpl - 触发器更新成功
2025-05-30 00:27:03.015 [main] INFO  c.e.h.s.impl.BookingServiceImpl - 订单表结构初始化完成
2025-05-30 00:27:03.075 [main] WARN  o.s.b.a.o.j.JpaBaseConfiguration$JpaWebConfiguration - spring.jpa.open-in-view is enabled by default. Therefore, database queries may be performed during view rendering. Explicitly configure spring.jpa.open-in-view to disable this warning
2025-05-30 00:27:03.329 [main] INFO  o.a.coyote.http11.Http11NioProtocol - Starting ProtocolHandler ["http-nio-8080"]
2025-05-30 00:27:03.342 [main] INFO  o.s.b.w.e.tomcat.TomcatWebServer - Tomcat started on port(s): 8080 (http) with context path ''
2025-05-30 00:27:03.351 [main] INFO  c.e.h.HotelManagementApplication - Started HotelManagementApplication in 12.572 seconds (JVM running for 20.332)
2025-05-30 00:30:50.430 [SpringApplicationShutdownHook] INFO  o.s.o.j.LocalContainerEntityManagerFactoryBean - Closing JPA EntityManagerFactory for persistence unit 'default'
2025-05-30 00:30:50.433 [SpringApplicationShutdownHook] INFO  com.zaxxer.hikari.HikariDataSource - HikariPool-1 - Shutdown initiated...
2025-05-30 00:30:50.442 [SpringApplicationShutdownHook] INFO  com.zaxxer.hikari.HikariDataSource - HikariPool-1 - Shutdown completed.
2025-05-30 00:31:03.524 [main] INFO  c.e.h.HotelManagementApplication - Starting HotelManagementApplication using Java 1.8.0_331 on LAPTOP-6LBVHJ60 with PID 42072 (D:\LearnProject\HotelManagement\target\classes started by 815101909 in D:\LearnProject\HotelManagement)
2025-05-30 00:31:03.526 [main] DEBUG c.e.h.HotelManagementApplication - Running with Spring Boot v2.7.18, Spring v5.3.31
2025-05-30 00:31:03.527 [main] INFO  c.e.h.HotelManagementApplication - No active profile set, falling back to 1 default profile: "default"
2025-05-30 00:31:04.067 [main] INFO  o.s.d.r.c.RepositoryConfigurationDelegate - Bootstrapping Spring Data JPA repositories in DEFAULT mode.
2025-05-30 00:31:04.083 [main] INFO  o.s.d.r.c.RepositoryConfigurationDelegate - Finished Spring Data repository scanning in 6 ms. Found 0 JPA repository interfaces.
2025-05-30 00:31:04.512 [main] INFO  o.s.b.w.e.tomcat.TomcatWebServer - Tomcat initialized with port(s): 8080 (http)
2025-05-30 00:31:04.512 [main] INFO  o.a.c.core.AprLifecycleListener - An older version [1.2.35] of the Apache Tomcat Native library is installed, while Tomcat recommends a minimum version of [1.2.38]
2025-05-30 00:31:04.512 [main] INFO  o.a.c.core.AprLifecycleListener - Loaded Apache Tomcat Native library [1.2.35] using APR version [1.7.0].
2025-05-30 00:31:04.513 [main] INFO  o.a.c.core.AprLifecycleListener - APR capabilities: IPv6 [true], sendfile [true], accept filters [false], random [true], UDS [true].
2025-05-30 00:31:04.513 [main] INFO  o.a.c.core.AprLifecycleListener - APR/OpenSSL configuration: useAprConnector [false], useOpenSSL [true]
2025-05-30 00:31:04.524 [main] INFO  o.a.c.core.AprLifecycleListener - OpenSSL successfully initialized [OpenSSL 1.1.1q  5 Jul 2022]
2025-05-30 00:31:04.530 [main] INFO  o.a.coyote.http11.Http11NioProtocol - Initializing ProtocolHandler ["http-nio-8080"]
2025-05-30 00:31:04.531 [main] INFO  o.a.catalina.core.StandardService - Starting service [Tomcat]
2025-05-30 00:31:04.532 [main] INFO  o.a.catalina.core.StandardEngine - Starting Servlet engine: [Apache Tomcat/9.0.83]
2025-05-30 00:31:04.737 [main] INFO  o.a.c.c.C.[Tomcat].[localhost].[/] - Initializing Spring embedded WebApplicationContext
2025-05-30 00:31:04.737 [main] INFO  o.s.b.w.s.c.ServletWebServerApplicationContext - Root WebApplicationContext: initialization completed in 1177 ms
2025-05-30 00:31:04.809 [main] INFO  com.zaxxer.hikari.HikariDataSource - HikariPool-1 - Starting...
2025-05-30 00:31:09.733 [main] INFO  com.zaxxer.hikari.HikariDataSource - HikariPool-1 - Start completed.
2025-05-30 00:31:09.806 [main] INFO  o.h.jpa.internal.util.LogHelper - HHH000204: Processing PersistenceUnitInfo [name: default]
2025-05-30 00:31:09.850 [main] INFO  org.hibernate.Version - HHH000412: Hibernate ORM core version 5.6.15.Final
2025-05-30 00:31:09.973 [main] INFO  o.h.annotations.common.Version - HCANN000001: Hibernate Commons Annotations {5.1.2.Final}
2025-05-30 00:31:10.061 [main] INFO  org.hibernate.dialect.Dialect - HHH000400: Using dialect: org.hibernate.dialect.MySQL8Dialect
2025-05-30 00:31:10.178 [main] INFO  o.h.e.t.j.p.i.JtaPlatformInitiator - HHH000490: Using JtaPlatform implementation: [org.hibernate.engine.transaction.jta.platform.internal.NoJtaPlatform]
2025-05-30 00:31:10.190 [main] INFO  o.s.o.j.LocalContainerEntityManagerFactoryBean - Initialized JPA EntityManagerFactory for persistence unit 'default'
2025-05-30 00:31:10.394 [main] INFO  c.e.h.s.impl.BookingServiceImpl - 初始化订单表结构...
2025-05-30 00:31:10.413 [main] DEBUG c.e.h.s.impl.BookingServiceImpl - payment_status字段已存在
2025-05-30 00:31:10.415 [main] DEBUG c.e.h.s.impl.BookingServiceImpl - synced_to_finance字段已存在
2025-05-30 00:31:10.416 [main] INFO  c.e.h.s.impl.BookingServiceImpl - 更新自动删除income记录的触发器
2025-05-30 00:31:10.436 [main] INFO  c.e.h.s.impl.BookingServiceImpl - 触发器更新成功
2025-05-30 00:31:10.436 [main] INFO  c.e.h.s.impl.BookingServiceImpl - 订单表结构初始化完成
2025-05-30 00:31:10.520 [main] WARN  o.s.b.a.o.j.JpaBaseConfiguration$JpaWebConfiguration - spring.jpa.open-in-view is enabled by default. Therefore, database queries may be performed during view rendering. Explicitly configure spring.jpa.open-in-view to disable this warning
2025-05-30 00:31:10.835 [main] INFO  o.a.coyote.http11.Http11NioProtocol - Starting ProtocolHandler ["http-nio-8080"]
2025-05-30 00:31:10.846 [main] INFO  o.s.b.w.e.tomcat.TomcatWebServer - Tomcat started on port(s): 8080 (http) with context path ''
2025-05-30 00:31:10.853 [main] INFO  c.e.h.HotelManagementApplication - Started HotelManagementApplication in 7.701 seconds (JVM running for 17.852)
2025-05-30 00:43:24.463 [http-nio-8080-exec-1] INFO  o.a.c.c.C.[Tomcat].[localhost].[/] - Initializing Spring DispatcherServlet 'dispatcherServlet'
2025-05-30 00:43:24.463 [http-nio-8080-exec-1] INFO  o.s.web.servlet.DispatcherServlet - Initializing Servlet 'dispatcherServlet'
2025-05-30 00:43:24.464 [http-nio-8080-exec-1] INFO  o.s.web.servlet.DispatcherServlet - Completed initialization in 1 ms
2025-05-30 00:43:24.568 [http-nio-8080-exec-5] DEBUG c.e.h.mapper.CustomerMapper.findAll - ==>  Preparing: SELECT c.*, (SELECT COUNT(*) FROM booking b WHERE b.customer_id = c.id) AS visits, (SELECT SUM(total_price) FROM booking b WHERE b.customer_id = c.id AND (b.payment_status = 'paid' OR b.payment_status = '已付款')) AS spent FROM customer c
2025-05-30 00:43:24.568 [http-nio-8080-exec-1] DEBUG c.e.h.mapper.CustomerMapper.findAll - ==>  Preparing: SELECT c.*, (SELECT COUNT(*) FROM booking b WHERE b.customer_id = c.id) AS visits, (SELECT SUM(total_price) FROM booking b WHERE b.customer_id = c.id AND (b.payment_status = 'paid' OR b.payment_status = '已付款')) AS spent FROM customer c
2025-05-30 00:43:24.580 [http-nio-8080-exec-5] DEBUG c.e.h.mapper.CustomerMapper.findAll - ==> Parameters: 
2025-05-30 00:43:24.580 [http-nio-8080-exec-1] DEBUG c.e.h.mapper.CustomerMapper.findAll - ==> Parameters: 
2025-05-30 00:43:24.597 [http-nio-8080-exec-5] DEBUG c.e.h.mapper.CustomerMapper.findAll - <==      Total: 9
2025-05-30 00:43:24.597 [http-nio-8080-exec-1] DEBUG c.e.h.mapper.CustomerMapper.findAll - <==      Total: 9
2025-05-30 00:43:24.597 [http-nio-8080-exec-1] DEBUG c.e.h.mapper.CustomerMapper.findAll - ==>  Preparing: SELECT c.*, (SELECT COUNT(*) FROM booking b WHERE b.customer_id = c.id) AS visits, (SELECT SUM(total_price) FROM booking b WHERE b.customer_id = c.id AND (b.payment_status = 'paid' OR b.payment_status = '已付款')) AS spent FROM customer c
2025-05-30 00:43:24.597 [http-nio-8080-exec-1] DEBUG c.e.h.mapper.CustomerMapper.findAll - ==> Parameters: 
2025-05-30 00:43:24.601 [http-nio-8080-exec-1] DEBUG c.e.h.mapper.CustomerMapper.findAll - <==      Total: 9
2025-05-30 00:43:24.603 [http-nio-8080-exec-1] DEBUG c.e.h.mapper.CustomerMapper.findAll - ==>  Preparing: SELECT c.*, (SELECT COUNT(*) FROM booking b WHERE b.customer_id = c.id) AS visits, (SELECT SUM(total_price) FROM booking b WHERE b.customer_id = c.id AND (b.payment_status = 'paid' OR b.payment_status = '已付款')) AS spent FROM customer c
2025-05-30 00:43:24.603 [http-nio-8080-exec-1] DEBUG c.e.h.mapper.CustomerMapper.findAll - ==> Parameters: 
2025-05-30 00:43:24.607 [http-nio-8080-exec-1] DEBUG c.e.h.mapper.CustomerMapper.findAll - <==      Total: 9
2025-05-30 00:43:24.608 [http-nio-8080-exec-1] DEBUG c.e.h.mapper.CustomerMapper.findAll - ==>  Preparing: SELECT c.*, (SELECT COUNT(*) FROM booking b WHERE b.customer_id = c.id) AS visits, (SELECT SUM(total_price) FROM booking b WHERE b.customer_id = c.id AND (b.payment_status = 'paid' OR b.payment_status = '已付款')) AS spent FROM customer c
2025-05-30 00:43:24.608 [http-nio-8080-exec-1] DEBUG c.e.h.mapper.CustomerMapper.findAll - ==> Parameters: 
2025-05-30 00:43:24.610 [http-nio-8080-exec-1] DEBUG c.e.h.mapper.CustomerMapper.findAll - <==      Total: 9
2025-05-30 00:43:24.611 [http-nio-8080-exec-1] DEBUG c.e.h.mapper.CustomerMapper.findAll - ==>  Preparing: SELECT c.*, (SELECT COUNT(*) FROM booking b WHERE b.customer_id = c.id) AS visits, (SELECT SUM(total_price) FROM booking b WHERE b.customer_id = c.id AND (b.payment_status = 'paid' OR b.payment_status = '已付款')) AS spent FROM customer c
2025-05-30 00:43:24.611 [http-nio-8080-exec-1] DEBUG c.e.h.mapper.CustomerMapper.findAll - ==> Parameters: 
2025-05-30 00:43:24.612 [http-nio-8080-exec-1] DEBUG c.e.h.mapper.CustomerMapper.findAll - <==      Total: 9
2025-05-30 00:43:24.659 [http-nio-8080-exec-3] DEBUG c.e.h.mapper.CustomerMapper.findAll - ==>  Preparing: SELECT c.*, (SELECT COUNT(*) FROM booking b WHERE b.customer_id = c.id) AS visits, (SELECT SUM(total_price) FROM booking b WHERE b.customer_id = c.id AND (b.payment_status = 'paid' OR b.payment_status = '已付款')) AS spent FROM customer c
2025-05-30 00:43:24.659 [http-nio-8080-exec-3] DEBUG c.e.h.mapper.CustomerMapper.findAll - ==> Parameters: 
2025-05-30 00:43:24.661 [http-nio-8080-exec-3] DEBUG c.e.h.mapper.CustomerMapper.findAll - <==      Total: 9
2025-05-30 00:43:24.661 [http-nio-8080-exec-3] DEBUG c.e.h.mapper.CustomerMapper.findAll - ==>  Preparing: SELECT c.*, (SELECT COUNT(*) FROM booking b WHERE b.customer_id = c.id) AS visits, (SELECT SUM(total_price) FROM booking b WHERE b.customer_id = c.id AND (b.payment_status = 'paid' OR b.payment_status = '已付款')) AS spent FROM customer c
2025-05-30 00:43:24.661 [http-nio-8080-exec-3] DEBUG c.e.h.mapper.CustomerMapper.findAll - ==> Parameters: 
2025-05-30 00:43:24.663 [http-nio-8080-exec-3] DEBUG c.e.h.mapper.CustomerMapper.findAll - <==      Total: 9
2025-05-30 00:43:24.665 [http-nio-8080-exec-3] DEBUG c.e.h.mapper.CustomerMapper.findAll - ==>  Preparing: SELECT c.*, (SELECT COUNT(*) FROM booking b WHERE b.customer_id = c.id) AS visits, (SELECT SUM(total_price) FROM booking b WHERE b.customer_id = c.id AND (b.payment_status = 'paid' OR b.payment_status = '已付款')) AS spent FROM customer c
2025-05-30 00:43:24.665 [http-nio-8080-exec-3] DEBUG c.e.h.mapper.CustomerMapper.findAll - ==> Parameters: 
2025-05-30 00:43:24.667 [http-nio-8080-exec-3] DEBUG c.e.h.mapper.CustomerMapper.findAll - <==      Total: 9
2025-05-30 00:43:24.667 [http-nio-8080-exec-3] DEBUG c.e.h.mapper.CustomerMapper.findAll - ==>  Preparing: SELECT c.*, (SELECT COUNT(*) FROM booking b WHERE b.customer_id = c.id) AS visits, (SELECT SUM(total_price) FROM booking b WHERE b.customer_id = c.id AND (b.payment_status = 'paid' OR b.payment_status = '已付款')) AS spent FROM customer c
2025-05-30 00:43:24.667 [http-nio-8080-exec-3] DEBUG c.e.h.mapper.CustomerMapper.findAll - ==> Parameters: 
2025-05-30 00:43:24.670 [http-nio-8080-exec-3] DEBUG c.e.h.mapper.CustomerMapper.findAll - <==      Total: 9
2025-05-30 00:43:24.670 [http-nio-8080-exec-3] DEBUG c.e.h.mapper.CustomerMapper.findAll - ==>  Preparing: SELECT c.*, (SELECT COUNT(*) FROM booking b WHERE b.customer_id = c.id) AS visits, (SELECT SUM(total_price) FROM booking b WHERE b.customer_id = c.id AND (b.payment_status = 'paid' OR b.payment_status = '已付款')) AS spent FROM customer c
2025-05-30 00:43:24.670 [http-nio-8080-exec-3] DEBUG c.e.h.mapper.CustomerMapper.findAll - ==> Parameters: 
2025-05-30 00:43:24.672 [http-nio-8080-exec-3] DEBUG c.e.h.mapper.CustomerMapper.findAll - <==      Total: 9
2025-05-30 00:43:25.553 [http-nio-8080-exec-4] DEBUG c.e.h.mapper.CustomerMapper.findAll - ==>  Preparing: SELECT c.*, (SELECT COUNT(*) FROM booking b WHERE b.customer_id = c.id) AS visits, (SELECT SUM(total_price) FROM booking b WHERE b.customer_id = c.id AND (b.payment_status = 'paid' OR b.payment_status = '已付款')) AS spent FROM customer c
2025-05-30 00:43:25.553 [http-nio-8080-exec-4] DEBUG c.e.h.mapper.CustomerMapper.findAll - ==> Parameters: 
2025-05-30 00:43:25.556 [http-nio-8080-exec-4] DEBUG c.e.h.mapper.CustomerMapper.findAll - <==      Total: 9
